2013/11/05 20:19:17 [error] [exception.CHttpException.404] exception 'CHttpException' with message 'Unable to resolve the request "protected/extensions/yii-mail/doc".' in /Users/solb291/Documents/yii-1.1.14.f0fee9/framework/web/CWebApplication.php:286
Stack trace:
#0 /Users/solb291/Documents/yii-1.1.14.f0fee9/framework/web/CWebApplication.php(141): CWebApplication->runController('protected/exten...')
#1 /Users/solb291/Documents/yii-1.1.14.f0fee9/framework/base/CApplication.php(180): CWebApplication->processRequest()
#2 /Applications/MAMP/htdocs/sandbox/index.php(13): CApplication->run()
#3 {main}
REQUEST_URI=/sandbox/index.php?r=protected/extensions/yii-mail/doc
---
2013/11/05 20:43:55 [error] [php] array_keys() expects parameter 1 to be array, null given (/Applications/MAMP/htdocs/sandbox/protected/extensions/yii-mail/YiiMail.php:189)
Stack trace:
#0 /Applications/MAMP/htdocs/sandbox/protected/controllers/SiteController.php(70): YiiMail->send()
#1 /Users/solb291/Documents/yii-1.1.14.f0fee9/framework/web/actions/CInlineAction.php(49): SiteController->actionContact()
#2 /Users/solb291/Documents/yii-1.1.14.f0fee9/framework/web/CController.php(308): CInlineAction->runWithParams()
#3 /Users/solb291/Documents/yii-1.1.14.f0fee9/framework/web/CController.php(286): SiteController->runAction()
#4 /Users/solb291/Documents/yii-1.1.14.f0fee9/framework/web/CController.php(265): SiteController->runActionWithFilters()
#5 /Users/solb291/Documents/yii-1.1.14.f0fee9/framework/web/CWebApplication.php(282): SiteController->run()
#6 /Users/solb291/Documents/yii-1.1.14.f0fee9/framework/web/CWebApplication.php(141): CWebApplication->runController()
#7 /Users/solb291/Documents/yii-1.1.14.f0fee9/framework/base/CApplication.php(180): CWebApplication->processRequest()
#8 /Applications/MAMP/htdocs/sandbox/index.php(13): CWebApplication->run()
REQUEST_URI=/sandbox/index.php?r=site/contact
in /Applications/MAMP/htdocs/sandbox/protected/extensions/yii-mail/YiiMail.php (189)
in /Applications/MAMP/htdocs/sandbox/protected/extensions/yii-mail/YiiMail.php (131)
in /Applications/MAMP/htdocs/sandbox/protected/controllers/SiteController.php (70)
2013/11/05 21:08:23 [error] [php] fsockopen(): unable to connect to smtp.mandrillapp.com:587 (Connection refused) (/Applications/MAMP/htdocs/sandbox/protected/extensions/yii-mail/vendors/swiftMailer/classes/Swift/Transport/StreamBuffer.php:233)
Stack trace:
#0 /Applications/MAMP/htdocs/sandbox/protected/extensions/yii-mail/vendors/swiftMailer/classes/Swift/Transport/AbstractSmtpTransport.php(101): Swift_Transport_StreamBuffer->initialize()
#1 /Applications/MAMP/htdocs/sandbox/protected/extensions/yii-mail/vendors/swiftMailer/classes/Swift/Mailer.php(74): Swift_SmtpTransport->start()
#2 /Applications/MAMP/htdocs/sandbox/protected/extensions/yii-mail/YiiMail.php(133): Swift_Mailer->send()
#3 /Applications/MAMP/htdocs/sandbox/protected/controllers/SiteController.php(72): YiiMail->send()
#4 /Users/solb291/Documents/yii-1.1.14.f0fee9/framework/web/actions/CInlineAction.php(49): SiteController->actionContact()
#5 /Users/solb291/Documents/yii-1.1.14.f0fee9/framework/web/CController.php(308): CInlineAction->runWithParams()
#6 /Users/solb291/Documents/yii-1.1.14.f0fee9/framework/web/CController.php(286): SiteController->runAction()
#7 /Users/solb291/Documents/yii-1.1.14.f0fee9/framework/web/CController.php(265): SiteController->runActionWithFilters()
#8 /Users/solb291/Documents/yii-1.1.14.f0fee9/framework/web/CWebApplication.php(282): SiteController->run()
#9 /Users/solb291/Documents/yii-1.1.14.f0fee9/framework/web/CWebApplication.php(141): CWebApplication->runController()
#10 /Users/solb291/Documents/yii-1.1.14.f0fee9/framework/base/CApplication.php(180): CWebApplication->processRequest()
#11 /Applications/MAMP/htdocs/sandbox/index.php(13): CWebApplication->run()
REQUEST_URI=/sandbox/index.php?r=site/contact
in /Applications/MAMP/htdocs/sandbox/protected/extensions/yii-mail/vendors/swiftMailer/classes/Swift/Transport/StreamBuffer.php (233)
in /Applications/MAMP/htdocs/sandbox/protected/extensions/yii-mail/vendors/swiftMailer/classes/Swift/Transport/StreamBuffer.php (70)
in /Applications/MAMP/htdocs/sandbox/protected/extensions/yii-mail/vendors/swiftMailer/classes/Swift/Transport/AbstractSmtpTransport.php (101)
2013/11/05 12:33:23 [error] [exception.CDbException] exception 'CDbException' with message 'CDbConnection failed to open the DB connection: SQLSTATE[28000] [1045] Access denied for user 'root'@'localhost' (using password: NO)' in /Users/solb291/Documents/yii-1.1.14.f0fee9/framework/db/CDbConnection.php:382
Stack trace:
#0 /Users/solb291/Documents/yii-1.1.14.f0fee9/framework/db/CDbConnection.php(330): CDbConnection->open()
#1 /Users/solb291/Documents/yii-1.1.14.f0fee9/framework/db/CDbConnection.php(308): CDbConnection->setActive(true)
#2 /Users/solb291/Documents/yii-1.1.14.f0fee9/framework/base/CModule.php(387): CDbConnection->init()
#3 /Users/solb291/Documents/yii-1.1.14.f0fee9/framework/cli/commands/MigrateCommand.php(442): CModule->getComponent('db')
#4 /Users/solb291/Documents/yii-1.1.14.f0fee9/framework/cli/commands/MigrateCommand.php(451): MigrateCommand->getDbConnection()
#5 /Users/solb291/Documents/yii-1.1.14.f0fee9/framework/cli/commands/MigrateCommand.php(482): MigrateCommand->getMigrationHistory(-1)
#6 /Users/solb291/Documents/yii-1.1.14.f0fee9/framework/cli/commands/MigrateCommand.php(84): MigrateCommand->getNewMigrations()
#7 [internal function]: MigrateCommand->actionUp(Array)
#8 /Users/solb291/Documents/yii-1.1.14.f0fee9/framework/console/CConsoleCommand.php(172): ReflectionMethod->invokeArgs(Object(MigrateCommand), Array)
#9 /Users/solb291/Documents/yii-1.1.14.f0fee9/framework/console/CConsoleCommandRunner.php(71): CConsoleCommand->run(Array)
#10 /Users/solb291/Documents/yii-1.1.14.f0fee9/framework/console/CConsoleApplication.php(92): CConsoleCommandRunner->run(Array)
#11 /Users/solb291/Documents/yii-1.1.14.f0fee9/framework/base/CApplication.php(180): CConsoleApplication->processRequest()
#12 /Users/solb291/Documents/yii-1.1.14.f0fee9/framework/yiic.php(33): CApplication->run()
#13 /Applications/MAMP/htdocs/sandbox/protected/yiic.php(7): require_once('/Users/solb291/...')
#14 /Applications/MAMP/htdocs/sandbox/protected/yiic(4): require_once('/Applications/M...')
#15 {main}
---
2013/11/05 12:33:50 [error] [system.db.CDbCommand] CDbCommand::fetchAll() failed: SQLSTATE[42S02]: Base table or view not found: 1146 Table 'sandbox.tbl_migration' doesn't exist. The SQL statement executed was: SHOW FULL COLUMNS FROM `tbl_migration`.
2013/11/05 21:54:05 [error] [exception.CDbException] exception 'CDbException' with message 'CDbConnection failed to open the DB connection: SQLSTATE[HY000] [2005] Unknown MySQL server host '127.0.0.1:8889' (0)' in /Users/solb291/Documents/yii-1.1.14.f0fee9/framework/db/CDbConnection.php:382
Stack trace:
#0 /Users/solb291/Documents/yii-1.1.14.f0fee9/framework/db/CDbConnection.php(330): CDbConnection->open()
#1 /Users/solb291/Documents/yii-1.1.14.f0fee9/framework/db/CDbConnection.php(308): CDbConnection->setActive(true)
#2 /Users/solb291/Documents/yii-1.1.14.f0fee9/framework/base/CModule.php(387): CDbConnection->init()
#3 /Users/solb291/Documents/yii-1.1.14.f0fee9/framework/base/CModule.php(103): CModule->getComponent('db')
#4 /Users/solb291/Documents/yii-1.1.14.f0fee9/framework/gii/generators/model/ModelCode.php(60): CModule->__get('db')
#5 /Users/solb291/Documents/yii-1.1.14.f0fee9/framework/web/CFormModel.php(39): ModelCode->init()
#6 /Users/solb291/Documents/yii-1.1.14.f0fee9/framework/gii/CCodeGenerator.php(153): CFormModel->__construct()
#7 /Users/solb291/Documents/yii-1.1.14.f0fee9/framework/gii/CCodeGenerator.php(63): CCodeGenerator->prepare()
#8 /Users/solb291/Documents/yii-1.1.14.f0fee9/framework/web/actions/CInlineAction.php(49): CCodeGenerator->actionIndex()
#9 /Users/solb291/Documents/yii-1.1.14.f0fee9/framework/web/CController.php(308): CInlineAction->runWithParams(Array)
#10 /Users/solb291/Documents/yii-1.1.14.f0fee9/framework/web/CController.php(286): CController->runAction(Object(CInlineAction))
#11 /Users/solb291/Documents/yii-1.1.14.f0fee9/framework/web/CController.php(265): CController->runActionWithFilters(Object(CInlineAction), Array)
#12 /Users/solb291/Documents/yii-1.1.14.f0fee9/framework/web/CWebApplication.php(282): CController->run('index')
#13 /Users/solb291/Documents/yii-1.1.14.f0fee9/framework/web/CWebApplication.php(141): CWebApplication->runController('gii/model/index')
#14 /Users/solb291/Documents/yii-1.1.14.f0fee9/framework/base/CApplication.php(180): CWebApplication->processRequest()
#15 /Applications/MAMP/htdocs/sandbox/index.php(13): CApplication->run()
#16 {main}
REQUEST_URI=/sandbox/index.php?r=gii/model/index
HTTP_REFERER=http://localhost:8888/sandbox/index.php?r=gii
---
2013/11/05 21:55:07 [error] [exception.CDbException] exception 'CDbException' with message 'CDbConnection failed to open the DB connection: SQLSTATE[HY000] [2005] Unknown MySQL server host '127.0.0.1:8889' (0)' in /Users/solb291/Documents/yii-1.1.14.f0fee9/framework/db/CDbConnection.php:382
Stack trace:
#0 /Users/solb291/Documents/yii-1.1.14.f0fee9/framework/db/CDbConnection.php(330): CDbConnection->open()
#1 /Users/solb291/Documents/yii-1.1.14.f0fee9/framework/db/CDbConnection.php(308): CDbConnection->setActive(true)
#2 /Users/solb291/Documents/yii-1.1.14.f0fee9/framework/base/CModule.php(387): CDbConnection->init()
#3 /Users/solb291/Documents/yii-1.1.14.f0fee9/framework/base/CModule.php(103): CModule->getComponent('db')
#4 /Users/solb291/Documents/yii-1.1.14.f0fee9/framework/gii/generators/model/ModelCode.php(60): CModule->__get('db')
#5 /Users/solb291/Documents/yii-1.1.14.f0fee9/framework/web/CFormModel.php(39): ModelCode->init()
#6 /Users/solb291/Documents/yii-1.1.14.f0fee9/framework/gii/CCodeGenerator.php(153): CFormModel->__construct()
#7 /Users/solb291/Documents/yii-1.1.14.f0fee9/framework/gii/CCodeGenerator.php(63): CCodeGenerator->prepare()
#8 /Users/solb291/Documents/yii-1.1.14.f0fee9/framework/web/actions/CInlineAction.php(49): CCodeGenerator->actionIndex()
#9 /Users/solb291/Documents/yii-1.1.14.f0fee9/framework/web/CController.php(308): CInlineAction->runWithParams(Array)
#10 /Users/solb291/Documents/yii-1.1.14.f0fee9/framework/web/CController.php(286): CController->runAction(Object(CInlineAction))
#11 /Users/solb291/Documents/yii-1.1.14.f0fee9/framework/web/CController.php(265): CController->runActionWithFilters(Object(CInlineAction), Array)
#12 /Users/solb291/Documents/yii-1.1.14.f0fee9/framework/web/CWebApplication.php(282): CController->run('index')
#13 /Users/solb291/Documents/yii-1.1.14.f0fee9/framework/web/CWebApplication.php(141): CWebApplication->runController('gii/model/index')
#14 /Users/solb291/Documents/yii-1.1.14.f0fee9/framework/base/CApplication.php(180): CWebApplication->processRequest()
#15 /Applications/MAMP/htdocs/sandbox/index.php(13): CApplication->run()
#16 {main}
REQUEST_URI=/sandbox/index.php?r=gii/model/index
HTTP_REFERER=http://localhost:8888/sandbox/index.php?r=gii
---
2013/11/05 21:59:29 [error] [exception.CDbException] exception 'CDbException' with message 'CDbConnection failed to open the DB connection: SQLSTATE[HY000] [2005] Unknown MySQL server host '127.0.0.1:8889' (2)' in /Users/solb291/Documents/yii-1.1.14.f0fee9/framework/db/CDbConnection.php:382
Stack trace:
#0 /Users/solb291/Documents/yii-1.1.14.f0fee9/framework/db/CDbConnection.php(330): CDbConnection->open()
#1 /Users/solb291/Documents/yii-1.1.14.f0fee9/framework/db/CDbConnection.php(308): CDbConnection->setActive(true)
#2 /Users/solb291/Documents/yii-1.1.14.f0fee9/framework/base/CModule.php(387): CDbConnection->init()
#3 /Users/solb291/Documents/yii-1.1.14.f0fee9/framework/base/CModule.php(103): CModule->getComponent('db')
#4 /Users/solb291/Documents/yii-1.1.14.f0fee9/framework/gii/generators/model/ModelCode.php(60): CModule->__get('db')
#5 /Users/solb291/Documents/yii-1.1.14.f0fee9/framework/web/CFormModel.php(39): ModelCode->init()
#6 /Users/solb291/Documents/yii-1.1.14.f0fee9/framework/gii/CCodeGenerator.php(153): CFormModel->__construct()
#7 /Users/solb291/Documents/yii-1.1.14.f0fee9/framework/gii/CCodeGenerator.php(63): CCodeGenerator->prepare()
#8 /Users/solb291/Documents/yii-1.1.14.f0fee9/framework/web/actions/CInlineAction.php(49): CCodeGenerator->actionIndex()
#9 /Users/solb291/Documents/yii-1.1.14.f0fee9/framework/web/CController.php(308): CInlineAction->runWithParams(Array)
#10 /Users/solb291/Documents/yii-1.1.14.f0fee9/framework/web/CController.php(286): CController->runAction(Object(CInlineAction))
#11 /Users/solb291/Documents/yii-1.1.14.f0fee9/framework/web/CController.php(265): CController->runActionWithFilters(Object(CInlineAction), Array)
#12 /Users/solb291/Documents/yii-1.1.14.f0fee9/framework/web/CWebApplication.php(282): CController->run('index')
#13 /Users/solb291/Documents/yii-1.1.14.f0fee9/framework/web/CWebApplication.php(141): CWebApplication->runController('gii/model/index')
#14 /Users/solb291/Documents/yii-1.1.14.f0fee9/framework/base/CApplication.php(180): CWebApplication->processRequest()
#15 /Applications/MAMP/htdocs/sandbox/index.php(13): CApplication->run()
#16 {main}
REQUEST_URI=/sandbox/index.php?r=gii/model/index
HTTP_REFERER=http://localhost:8888/sandbox/index.php?r=gii
---
2013/11/05 22:00:03 [error] [exception.CDbException] exception 'CDbException' with message 'CDbConnection failed to open the DB connection: SQLSTATE[HY000] [2005] Unknown MySQL server host '127.0.0.1:8889' (2)' in /Users/solb291/Documents/yii-1.1.14.f0fee9/framework/db/CDbConnection.php:382
Stack trace:
#0 /Users/solb291/Documents/yii-1.1.14.f0fee9/framework/db/CDbConnection.php(330): CDbConnection->open()
#1 /Users/solb291/Documents/yii-1.1.14.f0fee9/framework/db/CDbConnection.php(308): CDbConnection->setActive(true)
#2 /Users/solb291/Documents/yii-1.1.14.f0fee9/framework/base/CModule.php(387): CDbConnection->init()
#3 /Users/solb291/Documents/yii-1.1.14.f0fee9/framework/base/CModule.php(103): CModule->getComponent('db')
#4 /Users/solb291/Documents/yii-1.1.14.f0fee9/framework/gii/generators/model/ModelCode.php(60): CModule->__get('db')
#5 /Users/solb291/Documents/yii-1.1.14.f0fee9/framework/web/CFormModel.php(39): ModelCode->init()
#6 /Users/solb291/Documents/yii-1.1.14.f0fee9/framework/gii/CCodeGenerator.php(153): CFormModel->__construct()
#7 /Users/solb291/Documents/yii-1.1.14.f0fee9/framework/gii/CCodeGenerator.php(63): CCodeGenerator->prepare()
#8 /Users/solb291/Documents/yii-1.1.14.f0fee9/framework/web/actions/CInlineAction.php(49): CCodeGenerator->actionIndex()
#9 /Users/solb291/Documents/yii-1.1.14.f0fee9/framework/web/CController.php(308): CInlineAction->runWithParams(Array)
#10 /Users/solb291/Documents/yii-1.1.14.f0fee9/framework/web/CController.php(286): CController->runAction(Object(CInlineAction))
#11 /Users/solb291/Documents/yii-1.1.14.f0fee9/framework/web/CController.php(265): CController->runActionWithFilters(Object(CInlineAction), Array)
#12 /Users/solb291/Documents/yii-1.1.14.f0fee9/framework/web/CWebApplication.php(282): CController->run('index')
#13 /Users/solb291/Documents/yii-1.1.14.f0fee9/framework/web/CWebApplication.php(141): CWebApplication->runController('gii/model/index')
#14 /Users/solb291/Documents/yii-1.1.14.f0fee9/framework/base/CApplication.php(180): CWebApplication->processRequest()
#15 /Applications/MAMP/htdocs/sandbox/index.php(13): CApplication->run()
#16 {main}
REQUEST_URI=/sandbox/index.php?r=gii/model/index
HTTP_REFERER=http://localhost:8888/sandbox/index.php?r=gii
---
2013/11/05 22:00:06 [error] [exception.CDbException] exception 'CDbException' with message 'CDbConnection failed to open the DB connection: SQLSTATE[HY000] [2005] Unknown MySQL server host '127.0.0.1:8889' (0)' in /Users/solb291/Documents/yii-1.1.14.f0fee9/framework/db/CDbConnection.php:382
Stack trace:
#0 /Users/solb291/Documents/yii-1.1.14.f0fee9/framework/db/CDbConnection.php(330): CDbConnection->open()
#1 /Users/solb291/Documents/yii-1.1.14.f0fee9/framework/db/CDbConnection.php(308): CDbConnection->setActive(true)
#2 /Users/solb291/Documents/yii-1.1.14.f0fee9/framework/base/CModule.php(387): CDbConnection->init()
#3 /Users/solb291/Documents/yii-1.1.14.f0fee9/framework/base/CModule.php(103): CModule->getComponent('db')
#4 /Users/solb291/Documents/yii-1.1.14.f0fee9/framework/gii/generators/model/ModelCode.php(60): CModule->__get('db')
#5 /Users/solb291/Documents/yii-1.1.14.f0fee9/framework/web/CFormModel.php(39): ModelCode->init()
#6 /Users/solb291/Documents/yii-1.1.14.f0fee9/framework/gii/CCodeGenerator.php(153): CFormModel->__construct()
#7 /Users/solb291/Documents/yii-1.1.14.f0fee9/framework/gii/CCodeGenerator.php(63): CCodeGenerator->prepare()
#8 /Users/solb291/Documents/yii-1.1.14.f0fee9/framework/web/actions/CInlineAction.php(49): CCodeGenerator->actionIndex()
#9 /Users/solb291/Documents/yii-1.1.14.f0fee9/framework/web/CController.php(308): CInlineAction->runWithParams(Array)
#10 /Users/solb291/Documents/yii-1.1.14.f0fee9/framework/web/CController.php(286): CController->runAction(Object(CInlineAction))
#11 /Users/solb291/Documents/yii-1.1.14.f0fee9/framework/web/CController.php(265): CController->runActionWithFilters(Object(CInlineAction), Array)
#12 /Users/solb291/Documents/yii-1.1.14.f0fee9/framework/web/CWebApplication.php(282): CController->run('index')
#13 /Users/solb291/Documents/yii-1.1.14.f0fee9/framework/web/CWebApplication.php(141): CWebApplication->runController('gii/model/index')
#14 /Users/solb291/Documents/yii-1.1.14.f0fee9/framework/base/CApplication.php(180): CWebApplication->processRequest()
#15 /Applications/MAMP/htdocs/sandbox/index.php(13): CApplication->run()
#16 {main}
REQUEST_URI=/sandbox/index.php?r=gii/model/index
HTTP_REFERER=http://localhost:8888/sandbox/index.php?r=gii
---
2013/11/05 22:00:09 [error] [exception.CDbException] exception 'CDbException' with message 'CDbConnection failed to open the DB connection: SQLSTATE[HY000] [2005] Unknown MySQL server host '127.0.0.1:8889' (0)' in /Users/solb291/Documents/yii-1.1.14.f0fee9/framework/db/CDbConnection.php:382
Stack trace:
#0 /Users/solb291/Documents/yii-1.1.14.f0fee9/framework/db/CDbConnection.php(330): CDbConnection->open()
#1 /Users/solb291/Documents/yii-1.1.14.f0fee9/framework/db/CDbConnection.php(308): CDbConnection->setActive(true)
#2 /Users/solb291/Documents/yii-1.1.14.f0fee9/framework/base/CModule.php(387): CDbConnection->init()
#3 /Users/solb291/Documents/yii-1.1.14.f0fee9/framework/base/CModule.php(103): CModule->getComponent('db')
#4 /Users/solb291/Documents/yii-1.1.14.f0fee9/framework/gii/generators/model/ModelCode.php(60): CModule->__get('db')
#5 /Users/solb291/Documents/yii-1.1.14.f0fee9/framework/web/CFormModel.php(39): ModelCode->init()
#6 /Users/solb291/Documents/yii-1.1.14.f0fee9/framework/gii/CCodeGenerator.php(153): CFormModel->__construct()
#7 /Users/solb291/Documents/yii-1.1.14.f0fee9/framework/gii/CCodeGenerator.php(63): CCodeGenerator->prepare()
#8 /Users/solb291/Documents/yii-1.1.14.f0fee9/framework/web/actions/CInlineAction.php(49): CCodeGenerator->actionIndex()
#9 /Users/solb291/Documents/yii-1.1.14.f0fee9/framework/web/CController.php(308): CInlineAction->runWithParams(Array)
#10 /Users/solb291/Documents/yii-1.1.14.f0fee9/framework/web/CController.php(286): CController->runAction(Object(CInlineAction))
#11 /Users/solb291/Documents/yii-1.1.14.f0fee9/framework/web/CController.php(265): CController->runActionWithFilters(Object(CInlineAction), Array)
#12 /Users/solb291/Documents/yii-1.1.14.f0fee9/framework/web/CWebApplication.php(282): CController->run('index')
#13 /Users/solb291/Documents/yii-1.1.14.f0fee9/framework/web/CWebApplication.php(141): CWebApplication->runController('gii/model/index')
#14 /Users/solb291/Documents/yii-1.1.14.f0fee9/framework/base/CApplication.php(180): CWebApplication->processRequest()
#15 /Applications/MAMP/htdocs/sandbox/index.php(13): CApplication->run()
#16 {main}
REQUEST_URI=/sandbox/index.php?r=gii/model/index
HTTP_REFERER=http://localhost:8888/sandbox/index.php?r=gii
---
2013/11/05 22:00:11 [error] [exception.CDbException] exception 'CDbException' with message 'CDbConnection failed to open the DB connection: SQLSTATE[HY000] [2005] Unknown MySQL server host '127.0.0.1:8889' (0)' in /Users/solb291/Documents/yii-1.1.14.f0fee9/framework/db/CDbConnection.php:382
Stack trace:
#0 /Users/solb291/Documents/yii-1.1.14.f0fee9/framework/db/CDbConnection.php(330): CDbConnection->open()
#1 /Users/solb291/Documents/yii-1.1.14.f0fee9/framework/db/CDbConnection.php(308): CDbConnection->setActive(true)
#2 /Users/solb291/Documents/yii-1.1.14.f0fee9/framework/base/CModule.php(387): CDbConnection->init()
#3 /Users/solb291/Documents/yii-1.1.14.f0fee9/framework/base/CModule.php(103): CModule->getComponent('db')
#4 /Users/solb291/Documents/yii-1.1.14.f0fee9/framework/gii/generators/model/ModelCode.php(60): CModule->__get('db')
#5 /Users/solb291/Documents/yii-1.1.14.f0fee9/framework/web/CFormModel.php(39): ModelCode->init()
#6 /Users/solb291/Documents/yii-1.1.14.f0fee9/framework/gii/CCodeGenerator.php(153): CFormModel->__construct()
#7 /Users/solb291/Documents/yii-1.1.14.f0fee9/framework/gii/CCodeGenerator.php(63): CCodeGenerator->prepare()
#8 /Users/solb291/Documents/yii-1.1.14.f0fee9/framework/web/actions/CInlineAction.php(49): CCodeGenerator->actionIndex()
#9 /Users/solb291/Documents/yii-1.1.14.f0fee9/framework/web/CController.php(308): CInlineAction->runWithParams(Array)
#10 /Users/solb291/Documents/yii-1.1.14.f0fee9/framework/web/CController.php(286): CController->runAction(Object(CInlineAction))
#11 /Users/solb291/Documents/yii-1.1.14.f0fee9/framework/web/CController.php(265): CController->runActionWithFilters(Object(CInlineAction), Array)
#12 /Users/solb291/Documents/yii-1.1.14.f0fee9/framework/web/CWebApplication.php(282): CController->run('index')
#13 /Users/solb291/Documents/yii-1.1.14.f0fee9/framework/web/CWebApplication.php(141): CWebApplication->runController('gii/model/index')
#14 /Users/solb291/Documents/yii-1.1.14.f0fee9/framework/base/CApplication.php(180): CWebApplication->processRequest()
#15 /Applications/MAMP/htdocs/sandbox/index.php(13): CApplication->run()
#16 {main}
REQUEST_URI=/sandbox/index.php?r=gii/model/index
HTTP_REFERER=http://localhost:8888/sandbox/index.php?r=gii
---
2013/11/05 22:00:32 [error] [exception.CDbException] exception 'CDbException' with message 'CDbConnection failed to open the DB connection: SQLSTATE[HY000] [2005] Unknown MySQL server host '127.0.0.1:8889' (0)' in /Users/solb291/Documents/yii-1.1.14.f0fee9/framework/db/CDbConnection.php:382
Stack trace:
#0 /Users/solb291/Documents/yii-1.1.14.f0fee9/framework/db/CDbConnection.php(330): CDbConnection->open()
#1 /Users/solb291/Documents/yii-1.1.14.f0fee9/framework/db/CDbConnection.php(308): CDbConnection->setActive(true)
#2 /Users/solb291/Documents/yii-1.1.14.f0fee9/framework/base/CModule.php(387): CDbConnection->init()
#3 /Users/solb291/Documents/yii-1.1.14.f0fee9/framework/base/CModule.php(103): CModule->getComponent('db')
#4 /Users/solb291/Documents/yii-1.1.14.f0fee9/framework/gii/generators/model/ModelCode.php(60): CModule->__get('db')
#5 /Users/solb291/Documents/yii-1.1.14.f0fee9/framework/web/CFormModel.php(39): ModelCode->init()
#6 /Users/solb291/Documents/yii-1.1.14.f0fee9/framework/gii/CCodeGenerator.php(153): CFormModel->__construct()
#7 /Users/solb291/Documents/yii-1.1.14.f0fee9/framework/gii/CCodeGenerator.php(63): CCodeGenerator->prepare()
#8 /Users/solb291/Documents/yii-1.1.14.f0fee9/framework/web/actions/CInlineAction.php(49): CCodeGenerator->actionIndex()
#9 /Users/solb291/Documents/yii-1.1.14.f0fee9/framework/web/CController.php(308): CInlineAction->runWithParams(Array)
#10 /Users/solb291/Documents/yii-1.1.14.f0fee9/framework/web/CController.php(286): CController->runAction(Object(CInlineAction))
#11 /Users/solb291/Documents/yii-1.1.14.f0fee9/framework/web/CController.php(265): CController->runActionWithFilters(Object(CInlineAction), Array)
#12 /Users/solb291/Documents/yii-1.1.14.f0fee9/framework/web/CWebApplication.php(282): CController->run('index')
#13 /Users/solb291/Documents/yii-1.1.14.f0fee9/framework/web/CWebApplication.php(141): CWebApplication->runController('gii/model/index')
#14 /Users/solb291/Documents/yii-1.1.14.f0fee9/framework/base/CApplication.php(180): CWebApplication->processRequest()
#15 /Applications/MAMP/htdocs/sandbox/index.php(13): CApplication->run()
#16 {main}
REQUEST_URI=/sandbox/index.php?r=gii/model/index
HTTP_REFERER=http://localhost:8888/sandbox/index.php?r=gii
---
2013/11/05 22:03:08 [error] [exception.CDbException] exception 'CDbException' with message 'CDbConnection failed to open the DB connection: SQLSTATE[HY000] [2005] Unknown MySQL server host '127.0.0.1:8889' (0)' in /Users/solb291/Documents/yii-1.1.14.f0fee9/framework/db/CDbConnection.php:382
Stack trace:
#0 /Users/solb291/Documents/yii-1.1.14.f0fee9/framework/db/CDbConnection.php(330): CDbConnection->open()
#1 /Users/solb291/Documents/yii-1.1.14.f0fee9/framework/db/CDbConnection.php(308): CDbConnection->setActive(true)
#2 /Users/solb291/Documents/yii-1.1.14.f0fee9/framework/base/CModule.php(387): CDbConnection->init()
#3 /Users/solb291/Documents/yii-1.1.14.f0fee9/framework/base/CModule.php(103): CModule->getComponent('db')
#4 /Users/solb291/Documents/yii-1.1.14.f0fee9/framework/gii/generators/model/ModelCode.php(60): CModule->__get('db')
#5 /Users/solb291/Documents/yii-1.1.14.f0fee9/framework/web/CFormModel.php(39): ModelCode->init()
#6 /Users/solb291/Documents/yii-1.1.14.f0fee9/framework/gii/CCodeGenerator.php(153): CFormModel->__construct()
#7 /Users/solb291/Documents/yii-1.1.14.f0fee9/framework/gii/CCodeGenerator.php(63): CCodeGenerator->prepare()
#8 /Users/solb291/Documents/yii-1.1.14.f0fee9/framework/web/actions/CInlineAction.php(49): CCodeGenerator->actionIndex()
#9 /Users/solb291/Documents/yii-1.1.14.f0fee9/framework/web/CController.php(308): CInlineAction->runWithParams(Array)
#10 /Users/solb291/Documents/yii-1.1.14.f0fee9/framework/web/CController.php(286): CController->runAction(Object(CInlineAction))
#11 /Users/solb291/Documents/yii-1.1.14.f0fee9/framework/web/CController.php(265): CController->runActionWithFilters(Object(CInlineAction), Array)
#12 /Users/solb291/Documents/yii-1.1.14.f0fee9/framework/web/CWebApplication.php(282): CController->run('index')
#13 /Users/solb291/Documents/yii-1.1.14.f0fee9/framework/web/CWebApplication.php(141): CWebApplication->runController('gii/model/index')
#14 /Users/solb291/Documents/yii-1.1.14.f0fee9/framework/base/CApplication.php(180): CWebApplication->processRequest()
#15 /Applications/MAMP/htdocs/sandbox/index.php(13): CApplication->run()
#16 {main}
REQUEST_URI=/sandbox/index.php?r=gii/model/index
HTTP_REFERER=http://localhost:8888/sandbox/index.php?r=gii
---
2013/11/05 22:05:05 [error] [exception.CDbException] exception 'CDbException' with message 'CDbConnection failed to open the DB connection: SQLSTATE[HY000] [2005] Unknown MySQL server host '127.0.0.1:8889' (2)' in /Users/solb291/Documents/yii-1.1.14.f0fee9/framework/db/CDbConnection.php:382
Stack trace:
#0 /Users/solb291/Documents/yii-1.1.14.f0fee9/framework/db/CDbConnection.php(330): CDbConnection->open()
#1 /Users/solb291/Documents/yii-1.1.14.f0fee9/framework/db/CDbConnection.php(308): CDbConnection->setActive(true)
#2 /Users/solb291/Documents/yii-1.1.14.f0fee9/framework/base/CModule.php(387): CDbConnection->init()
#3 /Users/solb291/Documents/yii-1.1.14.f0fee9/framework/base/CModule.php(103): CModule->getComponent('db')
#4 /Users/solb291/Documents/yii-1.1.14.f0fee9/framework/gii/generators/model/ModelCode.php(60): CModule->__get('db')
#5 /Users/solb291/Documents/yii-1.1.14.f0fee9/framework/web/CFormModel.php(39): ModelCode->init()
#6 /Users/solb291/Documents/yii-1.1.14.f0fee9/framework/gii/CCodeGenerator.php(153): CFormModel->__construct()
#7 /Users/solb291/Documents/yii-1.1.14.f0fee9/framework/gii/CCodeGenerator.php(63): CCodeGenerator->prepare()
#8 /Users/solb291/Documents/yii-1.1.14.f0fee9/framework/web/actions/CInlineAction.php(49): CCodeGenerator->actionIndex()
#9 /Users/solb291/Documents/yii-1.1.14.f0fee9/framework/web/CController.php(308): CInlineAction->runWithParams(Array)
#10 /Users/solb291/Documents/yii-1.1.14.f0fee9/framework/web/CController.php(286): CController->runAction(Object(CInlineAction))
#11 /Users/solb291/Documents/yii-1.1.14.f0fee9/framework/web/CController.php(265): CController->runActionWithFilters(Object(CInlineAction), Array)
#12 /Users/solb291/Documents/yii-1.1.14.f0fee9/framework/web/CWebApplication.php(282): CController->run('index')
#13 /Users/solb291/Documents/yii-1.1.14.f0fee9/framework/web/CWebApplication.php(141): CWebApplication->runController('gii/model/index')
#14 /Users/solb291/Documents/yii-1.1.14.f0fee9/framework/base/CApplication.php(180): CWebApplication->processRequest()
#15 /Applications/MAMP/htdocs/sandbox/index.php(13): CApplication->run()
#16 {main}
REQUEST_URI=/sandbox/index.php?r=gii/model/index
HTTP_REFERER=http://localhost:8888/sandbox/index.php?r=gii
---
2013/11/05 22:24:38 [error] [php] Undefined variable: list (/Applications/MAMP/htdocs/sandbox/protected/views/site/contact.php:60)
Stack trace:
#0 /Users/solb291/Documents/yii-1.1.14.f0fee9/framework/web/CController.php(869): SiteController->renderFile()
#1 /Users/solb291/Documents/yii-1.1.14.f0fee9/framework/web/CController.php(782): SiteController->renderPartial()
#2 /Applications/MAMP/htdocs/sandbox/protected/controllers/SiteController.php(82): SiteController->render()
#3 /Users/solb291/Documents/yii-1.1.14.f0fee9/framework/web/actions/CInlineAction.php(49): SiteController->actionContact()
#4 /Users/solb291/Documents/yii-1.1.14.f0fee9/framework/web/CController.php(308): CInlineAction->runWithParams()
#5 /Users/solb291/Documents/yii-1.1.14.f0fee9/framework/web/CController.php(286): SiteController->runAction()
#6 /Users/solb291/Documents/yii-1.1.14.f0fee9/framework/web/CController.php(265): SiteController->runActionWithFilters()
#7 /Users/solb291/Documents/yii-1.1.14.f0fee9/framework/web/CWebApplication.php(282): SiteController->run()
#8 /Users/solb291/Documents/yii-1.1.14.f0fee9/framework/web/CWebApplication.php(141): CWebApplication->runController()
#9 /Users/solb291/Documents/yii-1.1.14.f0fee9/framework/base/CApplication.php(180): CWebApplication->processRequest()
#10 /Applications/MAMP/htdocs/sandbox/index.php(13): CWebApplication->run()
REQUEST_URI=/sandbox/index.php?r=site/contact
in /Applications/MAMP/htdocs/sandbox/protected/views/site/contact.php (60)
in /Applications/MAMP/htdocs/sandbox/protected/controllers/SiteController.php (82)
in /Applications/MAMP/htdocs/sandbox/index.php (13)
2013/11/05 22:28:31 [error] [php] Undefined variable: list (/Applications/MAMP/htdocs/sandbox/protected/views/site/contact.php:60)
Stack trace:
#0 /Users/solb291/Documents/yii-1.1.14.f0fee9/framework/web/CController.php(869): SiteController->renderFile()
#1 /Users/solb291/Documents/yii-1.1.14.f0fee9/framework/web/CController.php(782): SiteController->renderPartial()
#2 /Applications/MAMP/htdocs/sandbox/protected/controllers/SiteController.php(82): SiteController->render()
#3 /Users/solb291/Documents/yii-1.1.14.f0fee9/framework/web/actions/CInlineAction.php(49): SiteController->actionContact()
#4 /Users/solb291/Documents/yii-1.1.14.f0fee9/framework/web/CController.php(308): CInlineAction->runWithParams()
#5 /Users/solb291/Documents/yii-1.1.14.f0fee9/framework/web/CController.php(286): SiteController->runAction()
#6 /Users/solb291/Documents/yii-1.1.14.f0fee9/framework/web/CController.php(265): SiteController->runActionWithFilters()
#7 /Users/solb291/Documents/yii-1.1.14.f0fee9/framework/web/CWebApplication.php(282): SiteController->run()
#8 /Users/solb291/Documents/yii-1.1.14.f0fee9/framework/web/CWebApplication.php(141): CWebApplication->runController()
#9 /Users/solb291/Documents/yii-1.1.14.f0fee9/framework/base/CApplication.php(180): CWebApplication->processRequest()
#10 /Applications/MAMP/htdocs/sandbox/index.php(13): CWebApplication->run()
REQUEST_URI=/sandbox/index.php?r=site/contact
in /Applications/MAMP/htdocs/sandbox/protected/views/site/contact.php (60)
in /Applications/MAMP/htdocs/sandbox/protected/controllers/SiteController.php (82)
in /Applications/MAMP/htdocs/sandbox/index.php (13)
2013/11/05 22:34:13 [error] [php] Undefined variable: list (/Applications/MAMP/htdocs/sandbox/protected/views/site/contact.php:60)
Stack trace:
#0 /Users/solb291/Documents/yii-1.1.14.f0fee9/framework/web/CController.php(869): SiteController->renderFile()
#1 /Users/solb291/Documents/yii-1.1.14.f0fee9/framework/web/CController.php(782): SiteController->renderPartial()
#2 /Applications/MAMP/htdocs/sandbox/protected/controllers/SiteController.php(82): SiteController->render()
#3 /Users/solb291/Documents/yii-1.1.14.f0fee9/framework/web/actions/CInlineAction.php(49): SiteController->actionContact()
#4 /Users/solb291/Documents/yii-1.1.14.f0fee9/framework/web/CController.php(308): CInlineAction->runWithParams()
#5 /Users/solb291/Documents/yii-1.1.14.f0fee9/framework/web/CController.php(286): SiteController->runAction()
#6 /Users/solb291/Documents/yii-1.1.14.f0fee9/framework/web/CController.php(265): SiteController->runActionWithFilters()
#7 /Users/solb291/Documents/yii-1.1.14.f0fee9/framework/web/CWebApplication.php(282): SiteController->run()
#8 /Users/solb291/Documents/yii-1.1.14.f0fee9/framework/web/CWebApplication.php(141): CWebApplication->runController()
#9 /Users/solb291/Documents/yii-1.1.14.f0fee9/framework/base/CApplication.php(180): CWebApplication->processRequest()
#10 /Applications/MAMP/htdocs/sandbox/index.php(13): CWebApplication->run()
REQUEST_URI=/sandbox/index.php?r=site/contact
in /Applications/MAMP/htdocs/sandbox/protected/views/site/contact.php (60)
in /Applications/MAMP/htdocs/sandbox/protected/controllers/SiteController.php (82)
in /Applications/MAMP/htdocs/sandbox/index.php (13)
